{
  "stats": {
    "suites": 1,
    "tests": 2,
    "passes": 2,
    "pending": 0,
    "failures": 0,
    "start": "2024-08-18T17:11:13.827Z",
    "end": "2024-08-18T17:11:34.186Z",
    "duration": 20359,
    "testsRegistered": 2,
    "passPercent": 100,
    "pendingPercent": 0,
    "other": 0,
    "hasOther": false,
    "skipped": 0,
    "hasSkipped": false
  },
  "results": [
    {
      "uuid": "da2b046b-f6c4-4b6c-98de-95bc8d58702c",
      "title": "",
      "fullFile": "cypress\\e2e\\Automation.cy.js",
      "file": "cypress\\e2e\\Automation.cy.js",
      "beforeHooks": [],
      "afterHooks": [],
      "tests": [],
      "suites": [
        {
          "uuid": "046ca0e2-7f73-4432-85c1-80f03db5dbe3",
          "title": "suite",
          "fullFile": "",
          "file": "",
          "beforeHooks": [],
          "afterHooks": [],
          "tests": [
            {
              "title": "Test1",
              "fullTitle": "suite Test1",
              "timedOut": null,
              "duration": 14038,
              "state": "passed",
              "speed": "slow",
              "pass": true,
              "fail": false,
              "pending": false,
              "context": null,
              "code": "cy.once('uncaught:exception', () => false);\ncy.visit(\"https://composio.dev\");\ncy.wait(500);\ncy.xpath(\"//div[@class='uicore-nav-menu']//a[@class='uicore-btn ']\").click({\n  force: true\n});\ncy.wait(10000);\ncy.xpath(\"//input[@type='email']\").type(\"somashekar.raghu@gmail.com\");\ncy.wait(500);",
              "err": {},
              "uuid": "d78623a5-ff38-4b2f-a11a-2a53a4a79524",
              "parentUUID": "046ca0e2-7f73-4432-85c1-80f03db5dbe3",
              "isHook": false,
              "skipped": false
            },
            {
              "title": "Test2",
              "fullTitle": "suite Test2",
              "timedOut": null,
              "duration": 3831,
              "state": "passed",
              "speed": "fast",
              "pass": true,
              "fail": false,
              "pending": false,
              "context": null,
              "code": "cy.once('uncaught:exception', () => false);\ncy.visit(\"https://composio.dev\");\ncy.wait(500);\nconst ln = new _Login.default();\nln.loginbtn();\nln.setusername(\"somashekar.raghu@gmail.com\");",
              "err": {},
              "uuid": "3e0e4f56-dec2-4f38-8d1a-f1b49d36787e",
              "parentUUID": "046ca0e2-7f73-4432-85c1-80f03db5dbe3",
              "isHook": false,
              "skipped": false
            }
          ],
          "suites": [],
          "passes": [
            "d78623a5-ff38-4b2f-a11a-2a53a4a79524",
            "3e0e4f56-dec2-4f38-8d1a-f1b49d36787e"
          ],
          "failures": [],
          "pending": [],
          "skipped": [],
          "duration": 17869,
          "root": false,
          "rootEmpty": false,
          "_timeout": 2000
        }
      ],
      "passes": [],
      "failures": [],
      "pending": [],
      "skipped": [],
      "duration": 0,
      "root": true,
      "rootEmpty": true,
      "_timeout": 2000
    }
  ],
  "meta": {
    "mocha": {
      "version": "7.0.1"
    },
    "mochawesome": {
      "options": {
        "quiet": false,
        "reportFilename": "mochawesome",
        "saveHtml": false,
        "saveJson": true,
        "consoleReporter": "spec",
        "useInlineDiffs": false,
        "code": true
      },
      "version": "7.1.3"
    },
    "marge": {
      "options": {
        "overwrite": false,
        "html": false,
        "json": true,
        "reportDir": "cypress\\reports\\html\\.jsons"
      },
      "version": "6.2.0"
    }
  }
}